<?xml version="1.0" encoding="UTF-8"?>
<testsuites name="jest tests" tests="4" failures="0" errors="0" time="1.335">
  <testsuite name="undefined" errors="0" failures="0" skipped="0" timestamp="2023-09-09T18:17:37" time="0.908" tests="4">
    <testcase classname=" Initial articles render correctly" name=" Initial articles render correctly" time="0.056">
    </testcase>
    <testcase classname=" Clicking on top renders expected articles" name=" Clicking on top renders expected articles" time="0.028">
    </testcase>
    <testcase classname=" Clicking on newest renders expected articles" name=" Clicking on newest renders expected articles" time="0.025">
    </testcase>
    <testcase classname=" Sequence of navigation clicks renders expected artices" name=" Sequence of navigation clicks renders expected artices" time="0.044">
    </testcase>
  </testsuite>
</testsuites>